<?xml version="1.0" encoding="UTF-8"?>

<mule xmlns:http="http://www.mulesoft.org/schema/mule/http" xmlns="http://www.mulesoft.org/schema/mule/core"
	xmlns:doc="http://www.mulesoft.org/schema/mule/documentation"
	xmlns:xsi="http://www.w3.org/2001/XMLSchema-instance" xsi:schemaLocation="http://www.mulesoft.org/schema/mule/core http://www.mulesoft.org/schema/mule/core/current/mule.xsd
http://www.mulesoft.org/schema/mule/http http://www.mulesoft.org/schema/mule/http/current/mule-http.xsd">
	<http:listener-config name="HTTP_Listener_config" doc:name="HTTP Listener config" doc:id="0d45a976-8aa2-4a4c-ad67-20ec3ac222e2" >
		<http:listener-connection host="0.0.0.0" port="8083" />
	</http:listener-config>
	<flow name="test-cicdFlow" doc:id="2fffa843-5431-45f7-86a9-2959db93353e" >
		<http:listener doc:name="/cicd 8083" doc:id="32e4fff2-3fc6-4864-a343-b6c2713b3fbc" config-ref="HTTP_Listener_config" path="/cicd"/>
		<set-payload value="Hii this is my first deploy to cloudhub through jenkins" doc:name="Set Payload" doc:id="cc0f2df5-a72e-4205-bc9a-9296eeaa0d48" />
	</flow>
</mule>
